<?xml version="1.0" encoding="UTF-8"?>
<!-- Generated by org.testng.reporters.JUnitReportReporter -->
<testsuite hostname="DESKTOP-BOAEE06" failures="0" tests="1" name="com.trulances.testcases2.TC_14029_VerifyWhyTrulanceBodyCopy" time="31.159" errors="0" timestamp="2022-12-12T15:27:50 IST" skipped="0">
  <testcase classname="com.trulances.testcases2.TC_14029_VerifyWhyTrulanceBodyCopy" name="runVerifyWhyTrulanceBodyCopy" time="31.159"/>
  <system-out/>
</testsuite> <!-- com.trulances.testcases2.TC_14029_VerifyWhyTrulanceBodyCopy -->
