<?xml version="1.0" encoding="UTF-8"?>
<!-- Generated by org.testng.reporters.JUnitReportReporter -->
<testsuite hostname="DESKTOP-BOAEE06" failures="0" tests="1" name="com.Prolensarx.testcases.TC_15025_VerifyOtherContInHeroSec" time="8.783" errors="0" timestamp="2022-12-20T19:03:45 IST" skipped="0">
  <testcase classname="com.Prolensarx.testcases.TC_15025_VerifyOtherContInHeroSec" name="runVerifyOtherContInHeroSec" time="8.783"/>
  <system-out/>
</testsuite> <!-- com.Prolensarx.testcases.TC_15025_VerifyOtherContInHeroSec -->
