<?xml version="1.0" encoding="UTF-8"?>
<!-- Generated by org.testng.reporters.JUnitReportReporter -->
<testsuite hostname="DESKTOP-BOAEE06" failures="0" tests="1" name="com.trulances.testcases2.TC_14043_VerifyPatientStoriesPageBody" time="43.807" errors="0" timestamp="2022-12-12T15:27:50 IST" skipped="0">
  <testcase classname="com.trulances.testcases2.TC_14043_VerifyPatientStoriesPageBody" name="runVerifyPatientStoriesPageBody" time="43.807"/>
  <system-out/>
</testsuite> <!-- com.trulances.testcases2.TC_14043_VerifyPatientStoriesPageBody -->
