<?xml version="1.0" encoding="UTF-8"?>
<!-- Generated by org.testng.reporters.JUnitReportReporter -->
<testsuite hostname="DESKTOP-BOAEE06" failures="0" tests="1" name="com.trulances.testcases2.TC_14026_VerifyBelowIBSCImgInfo" time="27.780" errors="0" timestamp="2022-12-12T15:49:04 IST" skipped="0">
  <testcase classname="com.trulances.testcases2.TC_14026_VerifyBelowIBSCImgInfo" name="runVerifyBelowIBSCImgInfo" time="27.780"/>
  <system-out/>
</testsuite> <!-- com.trulances.testcases2.TC_14026_VerifyBelowIBSCImgInfo -->
