<?xml version="1.0" encoding="UTF-8"?>
<!-- Generated by org.testng.reporters.JUnitReportReporter -->
<testsuite hostname="DESKTOP-BOAEE06" failures="0" tests="1" name="com.Relistor.testcases.TC_16012_VerifyMumanImgInSec2InAboutRelistor" time="24.023" errors="0" timestamp="2022-12-22T17:43:32 IST" skipped="0">
  <testcase classname="com.Relistor.testcases.TC_16012_VerifyMumanImgInSec2InAboutRelistor" name="runVerifyMumanImgInSec2InAboutRelistor" time="24.023"/>
  <system-out/>
</testsuite> <!-- com.Relistor.testcases.TC_16012_VerifyMumanImgInSec2InAboutRelistor -->
