<?xml version="1.0" encoding="UTF-8"?>
<!-- Generated by org.testng.reporters.JUnitReportReporter -->
<testsuite hostname="DESKTOP-BOAEE06" failures="0" tests="1" name="com.Prolensarx.testcases.TC_15024_VerifyFooterTextInHeroSec" time="14.179" errors="0" timestamp="2022-12-20T19:03:45 IST" skipped="0">
  <testcase classname="com.Prolensarx.testcases.TC_15024_VerifyFooterTextInHeroSec" name="runVerifySection2Content2FourthMenu" time="14.179"/>
  <system-out/>
</testsuite> <!-- com.Prolensarx.testcases.TC_15024_VerifyFooterTextInHeroSec -->
