<?xml version="1.0" encoding="UTF-8"?>
<!-- Generated by org.testng.reporters.JUnitReportReporter -->
<testsuite hostname="DESKTOP-BOAEE06" failures="0" tests="1" name="com.trulances.testcases2.TC_14042_VerifyCommonSideEffectPageBodyText" time="24.504" errors="0" timestamp="2022-12-12T15:27:50 IST" skipped="0">
  <testcase classname="com.trulances.testcases2.TC_14042_VerifyCommonSideEffectPageBodyText" name="runVerifyCommonSideEffectPageBodyText" time="24.504"/>
  <system-out/>
</testsuite> <!-- com.trulances.testcases2.TC_14042_VerifyCommonSideEffectPageBodyText -->
