<?xml version="1.0" encoding="UTF-8"?>
<!-- Generated by org.testng.reporters.JUnitReportReporter -->
<testsuite hostname="DESKTOP-BOAEE06" failures="0" tests="1" name="com.Prolensarx.testcases.TC_15004_VerifyFooterContent" time="21.488" errors="0" timestamp="2022-12-20T19:03:43 IST" skipped="0">
  <testcase classname="com.Prolensarx.testcases.TC_15004_VerifyFooterContent" name="runVerifyPageAndSiteMap" time="21.488"/>
  <system-out/>
</testsuite> <!-- com.Prolensarx.testcases.TC_15004_VerifyFooterContent -->
