<?xml version="1.0" encoding="UTF-8"?>
<!-- Generated by org.testng.reporters.JUnitReportReporter -->
<testsuite hostname="DESKTOP-BOAEE06" failures="0" tests="1" name="com.Relistor.testcases.TC_16001_VerifyMetaDetailsandSitemapImplementation" time="55.308" errors="0" timestamp="2022-12-22T17:43:31 IST" skipped="0">
  <testcase classname="com.Relistor.testcases.TC_16001_VerifyMetaDetailsandSitemapImplementation" name="runVerifyMetaDetailsandSitemapImplementation" time="55.308"/>
  <system-out/>
</testsuite> <!-- com.Relistor.testcases.TC_16001_VerifyMetaDetailsandSitemapImplementation -->
