<?xml version="1.0" encoding="UTF-8"?>
<!-- Generated by org.testng.reporters.JUnitReportReporter -->
<testsuite hostname="DESKTOP-BOAEE06" failures="0" tests="1" name="com.Prolensarx.testcases.TC_15021_VerifySection2Content1InFourthMenu" time="64.386" errors="0" timestamp="2022-12-20T19:03:45 IST" skipped="0">
  <testcase classname="com.Prolensarx.testcases.TC_15021_VerifySection2Content1InFourthMenu" name="runVerifySection2Content1InFourthMenu" time="64.386"/>
  <system-out/>
</testsuite> <!-- com.Prolensarx.testcases.TC_15021_VerifySection2Content1InFourthMenu -->
