<?xml version="1.0" encoding="UTF-8"?>
<!-- Generated by org.testng.reporters.JUnitReportReporter -->
<testsuite hostname="DESKTOP-BOAEE06" failures="0" tests="1" name="com.Relistor.testcases.TC_16006_VerifymumanImginSec1BelowAnimationFonts" time="18.359" errors="0" timestamp="2022-12-21T19:23:55 IST" skipped="0">
  <testcase classname="com.Relistor.testcases.TC_16006_VerifymumanImginSec1BelowAnimationFonts" name="runVerifymumanImginSec1BelowAnimationFonts" time="18.359"/>
  <system-out/>
</testsuite> <!-- com.Relistor.testcases.TC_16006_VerifymumanImginSec1BelowAnimationFonts -->
