<?xml version="1.0" encoding="UTF-8"?>
<!-- Generated by org.testng.reporters.JUnitReportReporter -->
<testsuite hostname="DESKTOP-BOAEE06" failures="0" tests="1" name="com.Prolensarx.testcases.TC_15008_VerifyFootNoteAndAltTagofBtn" time="6.304" errors="0" timestamp="2022-12-20T19:03:45 IST" skipped="0">
  <testcase classname="com.Prolensarx.testcases.TC_15008_VerifyFootNoteAndAltTagofBtn" name="runVerifyFootNoteAndAltTagofBtn" time="6.304"/>
  <system-out/>
</testsuite> <!-- com.Prolensarx.testcases.TC_15008_VerifyFootNoteAndAltTagofBtn -->
