<?xml version="1.0" encoding="UTF-8"?>
<!-- Generated by org.testng.reporters.JUnitReportReporter -->
<testsuite hostname="DESKTOP-BOAEE06" failures="0" tests="1" name="com.Prolensarx.testcases.TC_15012_VerifySection2ContentinFirstMenuPage" time="20.890" errors="0" timestamp="2022-12-20T19:03:45 IST" skipped="0">
  <testcase classname="com.Prolensarx.testcases.TC_15012_VerifySection2ContentinFirstMenuPage" name="runVerifySection2ContentinFirstMenuPage" time="20.890"/>
  <system-out/>
</testsuite> <!-- com.Prolensarx.testcases.TC_15012_VerifySection2ContentinFirstMenuPage -->
