<?xml version="1.0" encoding="UTF-8"?>
<!-- Generated by org.testng.reporters.JUnitReportReporter -->
<testsuite hostname="DESKTOP-BOAEE06" failures="0" tests="1" name="com.Prolensarx.testcases.TC_15032_VerifySec2HaedingAndBody" time="21.434" errors="0" timestamp="2022-12-20T12:26:39 IST" skipped="0">
  <testcase classname="com.Prolensarx.testcases.TC_15032_VerifySec2HaedingAndBody" name="runVerifySec2HaedingAndBody" time="21.434"/>
  <system-out/>
</testsuite> <!-- com.Prolensarx.testcases.TC_15032_VerifySec2HaedingAndBody -->
