<?xml version="1.0" encoding="UTF-8"?>
<!-- Generated by org.testng.reporters.JUnitReportReporter -->
<testsuite hostname="DESKTOP-BOAEE06" failures="0" tests="1" name="com.Prolensarx.testcases.TC_15006_VerifyISISectionHereText" time="14.777" errors="0" timestamp="2022-12-20T19:03:45 IST" skipped="0">
  <testcase classname="com.Prolensarx.testcases.TC_15006_VerifyISISectionHereText" name="runVerifyOtherFooterContents" time="14.777"/>
  <system-out/>
</testsuite> <!-- com.Prolensarx.testcases.TC_15006_VerifyISISectionHereText -->
