<?xml version="1.0" encoding="UTF-8"?>
<!-- Generated by org.testng.reporters.JUnitReportReporter -->
<testsuite hostname="DESKTOP-BOAEE06" failures="0" tests="1" name="com.Relistor.testcases.TC_16003_VerifyFontpropInGlobalHeaderContents" time="92.646" errors="0" timestamp="2022-12-22T17:43:30 IST" skipped="0">
  <testcase classname="com.Relistor.testcases.TC_16003_VerifyFontpropInGlobalHeaderContents" name="runVerifyFontpropInGlobalHeaderContents" time="92.646"/>
  <system-out/>
</testsuite> <!-- com.Relistor.testcases.TC_16003_VerifyFontpropInGlobalHeaderContents -->
