<?xml version="1.0" encoding="UTF-8"?>
<!-- Generated by org.testng.reporters.JUnitReportReporter -->
<testsuite hostname="DESKTOP-BOAEE06" failures="0" tests="1" name="com.Prolensarx.testcases.TC_15031_VerifySec2FuctionalityandaltinSixthMenu" time="13.502" errors="0" timestamp="2022-12-20T19:03:45 IST" skipped="0">
  <testcase classname="com.Prolensarx.testcases.TC_15031_VerifySec2FuctionalityandaltinSixthMenu" name="runVerifySec2FuctionalityandaltinSixthMenu" time="13.502"/>
  <system-out/>
</testsuite> <!-- com.Prolensarx.testcases.TC_15031_VerifySec2FuctionalityandaltinSixthMenu -->
